<?xml version="1.0" encoding="UTF-8"?>
<!-- Generated by org.testng.reporters.JUnitReportReporter -->
<testsuite hostname="AMX-RL-20-348-W" failures="0" tests="13" name="icivics_testcases.I21_StudentRegistration1Email_Test" time="160.400" errors="0" timestamp="2022-08-03T00:06:59 IST" skipped="0">
  <testcase classname="icivics_testcases.I21_StudentRegistration1Email_Test" name="C383_Verifybreadcrumbs" time="4.740"/>
  <system-out/>
  <testcase classname="icivics_testcases.I21_StudentRegistration1Email_Test" name="C384_Verifybreadcrumbspage" time="4.604"/>
  <system-out/>
  <testcase classname="icivics_testcases.I21_StudentRegistration1Email_Test" name="C385_Verifyvideolink" time="15.098"/>
  <system-out/>
  <testcase classname="icivics_testcases.I21_StudentRegistration1Email_Test" name="C387_verifytextfields" time="6.373"/>
  <system-out/>
  <testcase classname="icivics_testcases.I21_StudentRegistration1Email_Test" name="C388_verifyusernamepregenerated" time="10.100"/>
  <system-out/>
  <testcase classname="icivics_testcases.I21_StudentRegistration1Email_Test" name="C389_verifyusernamepregeneratedrandomly" time="16.565"/>
  <system-out/>
  <testcase classname="icivics_testcases.I21_StudentRegistration1Email_Test" name="C390_verifyentertextinallfields" time="6.982"/>
  <system-out/>
  <testcase classname="icivics_testcases.I21_StudentRegistration1Email_Test" name="C391_verifyfieldsmarkedwithanasterisk" time="5.080"/>
  <system-out/>
  <testcase classname="icivics_testcases.I21_StudentRegistration1Email_Test" name="C392_verifyemailtooltips" time="4.837"/>
  <system-out/>
  <testcase classname="icivics_testcases.I21_StudentRegistration1Email_Test" name="C393_verifyemailerrormsg" time="11.858"/>
  <system-out/>
  <testcase classname="icivics_testcases.I21_StudentRegistration1Email_Test" name="C394_verifyblankerrormsg" time="42.007"/>
  <system-out/>
  <testcase classname="icivics_testcases.I21_StudentRegistration1Email_Test" name="C396_verifyvalidregistration" time="16.372"/>
  <system-out/>
  <testcase classname="icivics_testcases.I21_StudentRegistration1Email_Test" name="C397_Verifyclasscodelink" time="15.784"/>
  <system-out/>
</testsuite> <!-- icivics_testcases.I21_StudentRegistration1Email_Test -->
