<?xml version="1.0" encoding="UTF-8"?>
<!-- Generated by org.testng.reporters.JUnitReportReporter -->
<testsuite hostname="AMX-RL-20-348-W" failures="0" tests="1" name="icivics_testcases.I51_PlayHub_MainsGamePage_Test" time="87.838" errors="0" timestamp="2022-09-01T22:39:29 IST" skipped="0">
  <testcase classname="icivics_testcases.I51_PlayHub_MainsGamePage_Test" name="C73_Verifybannerasastudentlogin" time="87.838"/>
  <system-out/>
</testsuite> <!-- icivics_testcases.I51_PlayHub_MainsGamePage_Test -->
