<?xml version="1.0" encoding="UTF-8"?>
<!-- Generated by org.testng.reporters.JUnitReportReporter -->
<testsuite hostname="AMX-RL-20-348-W" failures="0" tests="3" name="icivics_testcases.I45_Googlestudentregistration_Test" time="240.666" errors="0" timestamp="2022-08-03T00:06:58 IST" skipped="0">
  <testcase classname="icivics_testcases.I45_Googlestudentregistration_Test" name="C557_Verifyagreetotermsandconditionfield" time="31.091"/>
  <system-out/>
  <testcase classname="icivics_testcases.I45_Googlestudentregistration_Test" name="C558_Verifyerrormsg" time="35.679"/>
  <system-out/>
  <testcase classname="icivics_testcases.I45_Googlestudentregistration_Test" name="C559_Verifyerrormsg" time="173.896"/>
  <system-out/>
</testsuite> <!-- icivics_testcases.I45_Googlestudentregistration_Test -->
