<?xml version="1.0" encoding="UTF-8"?>
<!-- Generated by org.testng.reporters.JUnitReportReporter -->
<testsuite hostname="AMX-RL-20-348-W" failures="0" tests="8" name="icivics_testcases.I44_Pg3TeacherRegistration_Test" time="1017.604" errors="0" timestamp="2022-08-03T00:06:59 IST" skipped="0">
  <testcase classname="icivics_testcases.I44_Pg3TeacherRegistration_Test" name="C551_Verifypagecount3" time="56.204"/>
  <system-out/>
  <testcase classname="icivics_testcases.I44_Pg3TeacherRegistration_Test" name="C552_Verifypage3fields" time="63.432"/>
  <system-out/>
  <testcase classname="icivics_testcases.I44_Pg3TeacherRegistration_Test" name="C553_Verifybackbutton" time="71.199"/>
  <system-out/>
  <testcase classname="icivics_testcases.I44_Pg3TeacherRegistration_Test" name="C554_Verifygettingstartedpagewithemailcheck1" time="59.125"/>
  <system-out/>
  <testcase classname="icivics_testcases.I44_Pg3TeacherRegistration_Test" name="C555_Verifygettingstartedpagewithemailcheck" time="71.053"/>
  <system-out/>
  <testcase classname="icivics_testcases.I44_Pg3TeacherRegistration_Test" name="C555_Verifygettingstartedpagewithemailuncheck" time="221.529"/>
  <system-out/>
  <testcase classname="icivics_testcases.I44_Pg3TeacherRegistration_Test" name="C556_Verifysynccheckboxwithemailcheck" time="238.768"/>
  <system-out/>
  <testcase classname="icivics_testcases.I44_Pg3TeacherRegistration_Test" name="C556_Verifysynccheckboxwithemailuncheck" time="236.294"/>
  <system-out/>
</testsuite> <!-- icivics_testcases.I44_Pg3TeacherRegistration_Test -->
