<?xml version="1.0" encoding="UTF-8"?>
<!-- Generated by org.testng.reporters.JUnitReportReporter -->
<testsuite hostname="AMX-RL-20-348-W" failures="0" tests="11" name="icivics_testcases.I20_StudentRegistration1classcode_Test" time="170.642" errors="0" timestamp="2022-08-03T00:06:58 IST" skipped="0">
  <testcase classname="icivics_testcases.I20_StudentRegistration1classcode_Test" name="C425_verifyemailfieldsappear" time="6.011"/>
  <system-out/>
  <testcase classname="icivics_testcases.I20_StudentRegistration1classcode_Test" name="C426_verifyemailtooltips" time="5.275"/>
  <system-out/>
  <testcase classname="icivics_testcases.I20_StudentRegistration1classcode_Test" name="C427_verifyemailfieldsdisappear" time="21.332"/>
  <system-out/>
  <testcase classname="icivics_testcases.I20_StudentRegistration1classcode_Test" name="C428_verifyusernamepregenerated" time="10.055"/>
  <system-out/>
  <testcase classname="icivics_testcases.I20_StudentRegistration1classcode_Test" name="C429_usernamegeneratedrandomly" time="16.476"/>
  <system-out/>
  <testcase classname="icivics_testcases.I20_StudentRegistration1classcode_Test" name="C430_verifyregistrationwithvaliddata" time="12.769"/>
  <system-out/>
  <testcase classname="icivics_testcases.I20_StudentRegistration1classcode_Test" name="C431_verifyAsteriks" time="6.100"/>
  <system-out/>
  <testcase classname="icivics_testcases.I20_StudentRegistration1classcode_Test" name="C432_verifyinvaliderrormsg" time="13.785"/>
  <system-out/>
  <testcase classname="icivics_testcases.I20_StudentRegistration1classcode_Test" name="C433_verifyerrormsgverifyemailblankfield" time="53.461"/>
  <system-out/>
  <testcase classname="icivics_testcases.I20_StudentRegistration1classcode_Test" name="C434_verifyinvaliderrormsg2" time="8.421"/>
  <system-out/>
  <testcase classname="icivics_testcases.I20_StudentRegistration1classcode_Test" name="C435_verifyregistrationwithvalidvalue" time="16.957"/>
  <system-out/>
</testsuite> <!-- icivics_testcases.I20_StudentRegistration1classcode_Test -->
