<?xml version="1.0" encoding="UTF-8"?>
<!-- Generated by org.testng.reporters.JUnitReportReporter -->
<testsuite hostname="AMX-RL-20-457-W" failures="0" tests="1" name="icivics_testcases.GooglrRegistration_Test" time="42.798" errors="0" timestamp="2022-07-12T15:31:34 IST" skipped="0">
  <testcase classname="icivics_testcases.GooglrRegistration_Test" name="C544_Verifyeducatorregistrationpage1" time="42.798"/>
  <system-out/>
</testsuite> <!-- icivics_testcases.GooglrRegistration_Test -->
