<?xml version="1.0" encoding="UTF-8"?>
<!-- Generated by org.testng.reporters.JUnitReportReporter -->
<testsuite hostname="AMX-RL-20-348-W" failures="0" tests="6" name="icivics_testcases.I25_StudentRegistration3Email_Test" time="108.184" errors="0" timestamp="2022-08-03T00:06:58 IST" skipped="0">
  <testcase classname="icivics_testcases.I25_StudentRegistration3Email_Test" name="C372_verifypagecount3" time="16.573"/>
  <system-out/>
  <testcase classname="icivics_testcases.I25_StudentRegistration3Email_Test" name="C373_verifycheckmsgdisplay" time="16.398"/>
  <system-out/>
  <testcase classname="icivics_testcases.I25_StudentRegistration3Email_Test" name="C374_verifycheckmsgdisplay" time="16.200"/>
  <system-out/>
  <testcase classname="icivics_testcases.I25_StudentRegistration3Email_Test" name="C375_verifyregisteredemaildisplay" time="16.362"/>
  <system-out/>
  <testcase classname="icivics_testcases.I25_StudentRegistration3Email_Test" name="C376_verifyresendbutton" time="21.462"/>
  <system-out/>
  <testcase classname="icivics_testcases.I25_StudentRegistration3Email_Test" name="C377_verifyconfirmationemail" time="21.189"/>
  <system-out/>
</testsuite> <!-- icivics_testcases.I25_StudentRegistration3Email_Test -->
