<?xml version="1.0" encoding="UTF-8"?>
<!-- Generated by org.testng.reporters.JUnitReportReporter -->
<testsuite hostname="AMX-RL-20-348-W" failures="0" tests="6" name="icivics_testcases.I31_HP_1TeacherHeader_Test" time="516.156" errors="0" timestamp="2022-08-03T00:06:58 IST" skipped="0">
  <testcase classname="icivics_testcases.I31_HP_1TeacherHeader_Test" name="C3_Verifyheaderbuttonsforanonymoususer" time="49.172"/>
  <system-out/>
  <testcase classname="icivics_testcases.I31_HP_1TeacherHeader_Test" name="C3_Verifyheaderbuttonsforauthenticateduser" time="29.427"/>
  <system-out/>
  <testcase classname="icivics_testcases.I31_HP_1TeacherHeader_Test" name="C4_Verifyheaderelemets" time="165.435"/>
  <system-out/>
  <testcase classname="icivics_testcases.I31_HP_1TeacherHeader_Test" name="C6_Verifyheaderbuttonhoverforanonymoususer" time="70.783"/>
  <system-out/>
  <testcase classname="icivics_testcases.I31_HP_1TeacherHeader_Test" name="C6_verifyaheaderbuttonhoverforauthenticateduser" time="146.858"/>
  <system-out/>
  <testcase classname="icivics_testcases.I31_HP_1TeacherHeader_Test" name="C7_verifyresizeheaderintohamburger" time="54.481"/>
  <system-out/>
</testsuite> <!-- icivics_testcases.I31_HP_1TeacherHeader_Test -->
