<?xml version="1.0" encoding="UTF-8"?>
<!-- Generated by org.testng.reporters.JUnitReportReporter -->
<testsuite hostname="AMX-RL-20-457-W" failures="0" tests="1" name="icivics_testcases.MainGamesPage_Test" time="30.845" errors="0" timestamp="2022-07-29T20:52:10 IST" skipped="0">
  <testcase classname="icivics_testcases.MainGamesPage_Test" name="C29_Verifydonatebutton" time="30.845"/>
  <system-out/>
</testsuite> <!-- icivics_testcases.MainGamesPage_Test -->
