<?xml version="1.0" encoding="UTF-8"?>
<!-- Generated by org.testng.reporters.JUnitReportReporter -->
<testsuite hostname="AMX-RL-20-457-W" failures="0" tests="7" name="icivics_testcases.Pg2TeacherRegistration_Test" time="452.316" errors="0" timestamp="2022-07-29T13:30:52 IST" skipped="0">
  <testcase classname="icivics_testcases.Pg2TeacherRegistration_Test" name="C545_VerifyTeacherregistrationpage1" time="62.627"/>
  <system-out/>
  <testcase classname="icivics_testcases.Pg2TeacherRegistration_Test" name="C546_Verifypage2fields" time="59.368"/>
  <system-out/>
  <testcase classname="icivics_testcases.Pg2TeacherRegistration_Test" name="C546_Verifybackbutton" time="54.531"/>
  <system-out/>
  <testcase classname="icivics_testcases.Pg2TeacherRegistration_Test" name="C547_Verifyfieldselection" time="91.803"/>
  <system-out/>
  <testcase classname="icivics_testcases.Pg2TeacherRegistration_Test" name="C548_Verifyfieldswithinvaliddata" time="62.759"/>
  <system-out/>
  <testcase classname="icivics_testcases.Pg2TeacherRegistration_Test" name="C549_Verifyfieldswithinvaliddata" time="65.143"/>
  <system-out/>
  <testcase classname="icivics_testcases.Pg2TeacherRegistration_Test" name="C550_Verifyfieldswithvaliddata" time="56.085"/>
  <system-out/>
</testsuite> <!-- icivics_testcases.Pg2TeacherRegistration_Test -->
