<?xml version="1.0" encoding="UTF-8"?>
<!-- Generated by org.testng.reporters.JUnitReportReporter -->
<testsuite hostname="AMX-RL-20-348-W" failures="0" tests="7" name="icivics_testcases.I43_Pg2TeacherRegistration_Test" time="340.226" errors="0" timestamp="2022-08-03T00:06:58 IST" skipped="0">
  <testcase classname="icivics_testcases.I43_Pg2TeacherRegistration_Test" name="C545_VerifyTeacherregistrationpage1" time="39.047"/>
  <system-out/>
  <testcase classname="icivics_testcases.I43_Pg2TeacherRegistration_Test" name="C546_Verifypage2fields" time="48.987"/>
  <system-out/>
  <testcase classname="icivics_testcases.I43_Pg2TeacherRegistration_Test" name="C546_Verifybackbutton" time="44.638"/>
  <system-out/>
  <testcase classname="icivics_testcases.I43_Pg2TeacherRegistration_Test" name="C547_Verifyfieldselection" time="71.999"/>
  <system-out/>
  <testcase classname="icivics_testcases.I43_Pg2TeacherRegistration_Test" name="C548_Verifyfieldswithinvaliddata" time="44.847"/>
  <system-out/>
  <testcase classname="icivics_testcases.I43_Pg2TeacherRegistration_Test" name="C549_Verifyfieldswithinvaliddata" time="43.001"/>
  <system-out/>
  <testcase classname="icivics_testcases.I43_Pg2TeacherRegistration_Test" name="C550_Verifyfieldswithvaliddata" time="47.707"/>
  <system-out/>
</testsuite> <!-- icivics_testcases.I43_Pg2TeacherRegistration_Test -->
