<?xml version="1.0" encoding="UTF-8"?>
<!-- Generated by org.testng.reporters.JUnitReportReporter -->
<testsuite hostname="AMX-RL-20-348-W" failures="0" tests="14" name="icivics_testcases.I14_EducatorRegistration4_Test" time="378.152" errors="0" timestamp="2022-08-03T00:06:58 IST" skipped="0">
  <testcase classname="icivics_testcases.I14_EducatorRegistration4_Test" name="C358_verifybreadcrumbspage4" time="24.917"/>
  <system-out/>
  <testcase classname="icivics_testcases.I14_EducatorRegistration4_Test" name="C359_verifypreviouspage" time="27.898"/>
  <system-out/>
  <testcase classname="icivics_testcases.I14_EducatorRegistration4_Test" name="C360_verifyalldataremembered" time="25.392"/>
  <system-out/>
  <testcase classname="icivics_testcases.I14_EducatorRegistration4_Test" name="C361_verifyallpage3fields" time="25.446"/>
  <system-out/>
  <testcase classname="icivics_testcases.I14_EducatorRegistration4_Test" name="C362_verifySignUpischecked" time="24.881"/>
  <system-out/>
  <testcase classname="icivics_testcases.I14_EducatorRegistration4_Test" name="C363_verifyallpage4fields" time="38.014"/>
  <system-out/>
  <testcase classname="icivics_testcases.I14_EducatorRegistration4_Test" name="C364_verifyallfieldasterisk" time="24.931"/>
  <system-out/>
  <testcase classname="icivics_testcases.I14_EducatorRegistration4_Test" name="C365_verifypasswordtooltips" time="25.105"/>
  <system-out/>
  <testcase classname="icivics_testcases.I14_EducatorRegistration4_Test" name="C366_verifypasswordstrengthIndicator" time="24.391"/>
  <system-out/>
  <testcase classname="icivics_testcases.I14_EducatorRegistration4_Test" name="C367_verifypasswordIndicatormatch" time="26.295"/>
  <system-out/>
  <testcase classname="icivics_testcases.I14_EducatorRegistration4_Test" name="C368_verifyallfieldswithinvaliddata" time="27.358"/>
  <system-out/>
  <testcase classname="icivics_testcases.I14_EducatorRegistration4_Test" name="C369_verifyallfieldswithblankdata" time="26.472"/>
  <system-out/>
  <testcase classname="icivics_testcases.I14_EducatorRegistration4_Test" name="C370_verifyallfieldswithblankandinvaliddata" time="27.259"/>
  <system-out/>
  <testcase classname="icivics_testcases.I14_EducatorRegistration4_Test" name="C371_verifyvalidsubmission" time="29.793"/>
  <system-out/>
</testsuite> <!-- icivics_testcases.I14_EducatorRegistration4_Test -->
