<?xml version="1.0" encoding="UTF-8"?>
<!-- Generated by org.testng.reporters.JUnitReportReporter -->
<testsuite hostname="AMX-RL-20-348-W" failures="0" tests="4" name="icivics_testcases.I30_HP_1Header_Test" time="74.736" errors="0" timestamp="2022-08-03T00:06:58 IST" skipped="0">
  <testcase classname="icivics_testcases.I30_HP_1Header_Test" name="C1_VerifyLogo" time="8.783"/>
  <system-out/>
  <testcase classname="icivics_testcases.I30_HP_1Header_Test" name="C2_VerifyHeaderbuttonforanonymoususer" time="28.728"/>
  <system-out/>
  <testcase classname="icivics_testcases.I30_HP_1Header_Test" name="C2_VerifyHeaderbuttonforauthenticateduser" time="28.699"/>
  <system-out/>
  <testcase classname="icivics_testcases.I30_HP_1Header_Test" name="C1538_Verifydonationpopup" time="8.526"/>
  <system-out/>
</testsuite> <!-- icivics_testcases.I30_HP_1Header_Test -->
