<?xml version="1.0" encoding="UTF-8"?>
<!-- Generated by org.testng.reporters.JUnitReportReporter -->
<testsuite hostname="AMX-AL-20-017-W" failures="0" tests="1" name="icivics_testcases.I51_PH_Gameload_Test" time="959.529" errors="0" timestamp="2022-08-30T23:27:36 IST" skipped="0">
  <testcase classname="icivics_testcases.I51_PH_Gameload_Test" name="C83_Verifymainsgamepage" time="959.529"/>
  <system-out/>
</testsuite> <!-- icivics_testcases.I51_PH_Gameload_Test -->
