<?xml version="1.0" encoding="UTF-8"?>
<!-- Generated by org.testng.reporters.JUnitReportReporter -->
<testsuite hostname="AMX-AL-20-017-W" failures="0" tests="14" name="icivics_testcases.MainsGamePage_Test" time="574.900" errors="0" timestamp="2022-08-25T21:41:44 IST" skipped="0">
  <testcase classname="icivics_testcases.MainsGamePage_Test" name="C73_Verifymainsgamepage" time="26.287"/>
  <system-out/>
  <testcase classname="icivics_testcases.MainsGamePage_Test" name="C73_Verifyleftcarousel" time="10.829"/>
  <system-out/>
  <testcase classname="icivics_testcases.MainsGamePage_Test" name="C73_Verifyrightcarousel" time="12.492"/>
  <system-out/>
  <testcase classname="icivics_testcases.MainsGamePage_Test" name="C73_Verifycarouseldots" time="55.991"/>
  <system-out/>
  <testcase classname="icivics_testcases.MainsGamePage_Test" name="C73_Verifycarouseldots3rdpage" time="17.289"/>
  <system-out/>
  <testcase classname="icivics_testcases.MainsGamePage_Test" name="C73_Verifybannerasananonymoususer" time="11.461"/>
  <system-out/>
  <testcase classname="icivics_testcases.MainsGamePage_Test" name="C73_Verifybannerasastudentlogin" time="44.889"/>
  <system-out/>
  <testcase classname="icivics_testcases.MainsGamePage_Test" name="C73_Verifybannerasateacherlogin" time="38.608"/>
  <system-out/>
  <testcase classname="icivics_testcases.MainsGamePage_Test" name="C73_Verifyregisterbuttonclick" time="13.205"/>
  <system-out/>
  <testcase classname="icivics_testcases.MainsGamePage_Test" name="C73_VerifygamesTiles" time="60.873"/>
  <system-out/>
  <testcase classname="icivics_testcases.MainsGamePage_Test" name="C73_VerifygamesTilesclick" time="239.713"/>
  <system-out/>
  <testcase classname="icivics_testcases.MainsGamePage_Test" name="C73_Verifygreenteachertile" time="16.948"/>
  <system-out/>
  <testcase classname="icivics_testcases.MainsGamePage_Test" name="C73_Verifyteachbutton" time="12.443"/>
  <system-out/>
  <testcase classname="icivics_testcases.MainsGamePage_Test" name="C73_Verifygetstartedbutton" time="13.872"/>
  <system-out/>
</testsuite> <!-- icivics_testcases.MainsGamePage_Test -->
