<?xml version="1.0" encoding="UTF-8"?>
<!-- Generated by org.testng.reporters.JUnitReportReporter -->
<testsuite hostname="AMX-RL-20-348-W" failures="0" tests="1" name="icivics_testcases.I52_PlayHub_Gameload_Test" time="1227.733" errors="0" timestamp="2022-09-01T20:39:30 IST" skipped="0">
  <testcase classname="icivics_testcases.I52_PlayHub_Gameload_Test" name="C83_Verifymainsgamepage" time="1227.733"/>
  <system-out/>
</testsuite> <!-- icivics_testcases.I52_PlayHub_Gameload_Test -->
