<?xml version="1.0" encoding="UTF-8"?>
<!-- Generated by org.testng.reporters.JUnitReportReporter -->
<testsuite hostname="AMX-RL-20-457-W" failures="0" tests="9" name="icivics_testcases.Pg3TeacherRegistration_Test" time="1294.846" errors="0" timestamp="2022-07-29T13:30:52 IST" skipped="1">
  <testcase classname="icivics_testcases.Pg3TeacherRegistration_Test" name="C551_Verifypagecount3" time="65.143"/>
  <system-out/>
  <testcase classname="icivics_testcases.Pg3TeacherRegistration_Test" name="C552_Verifypage3fields" time="73.302"/>
  <system-out/>
  <testcase classname="icivics_testcases.Pg3TeacherRegistration_Test" name="C553_Verifybackbutton" time="79.004"/>
  <system-out/>
  <testcase classname="icivics_testcases.Pg3TeacherRegistration_Test" name="C554_Verifygettingstartedpagewithemailcheck1" time="70.743"/>
  <system-out/>
  <testcase classname="icivics_testcases.Pg3TeacherRegistration_Test" name="C555_Verifygettingstartedpagewithemailcheck" time="116.035"/>
  <system-out/>
  <testcase classname="icivics_testcases.Pg3TeacherRegistration_Test" name="C555_Verifygettingstartedpagewithemailuncheck" time="263.545"/>
  <system-out/>
  <testcase classname="icivics_testcases.Pg3TeacherRegistration_Test" name="C556_Verifysynccheckboxwithemailcheck" time="275.241"/>
  <system-out/>
  <testcase classname="icivics_testcases.Pg3TeacherRegistration_Test" name="C556_Verifysynccheckboxwithemailcheck" time="87.598">
    <skipped/>
  </testcase> <!-- C556_Verifysynccheckboxwithemailcheck -->
  <system-out/>
  <testcase classname="icivics_testcases.Pg3TeacherRegistration_Test" name="C556_Verifysynccheckboxwithemailuncheck" time="264.235"/>
  <system-out/>
</testsuite> <!-- icivics_testcases.Pg3TeacherRegistration_Test -->
