<?xml version="1.0" encoding="UTF-8"?>
<!-- Generated by org.testng.reporters.JUnitReportReporter -->
<testsuite hostname="AMX-RL-20-348-W" failures="0" tests="13" name="icivics_testcases.I22_StudentRegistration2classcode_Test" time="213.981" errors="0" timestamp="2022-08-03T00:06:58 IST" skipped="0">
  <testcase classname="icivics_testcases.I22_StudentRegistration2classcode_Test" name="C398_verifypagecount2" time="8.781"/>
  <system-out/>
  <testcase classname="icivics_testcases.I22_StudentRegistration2classcode_Test" name="C399_Clickbackbutton" time="11.352"/>
  <system-out/>
  <testcase classname="icivics_testcases.I22_StudentRegistration2classcode_Test" name="C400_verifyfieldsisremembered" time="11.697"/>
  <system-out/>
  <testcase classname="icivics_testcases.I22_StudentRegistration2classcode_Test" name="C403_clickontermsofuselink" time="32.244"/>
  <system-out/>
  <testcase classname="icivics_testcases.I22_StudentRegistration2classcode_Test" name="C404_clickprivacypolicy" time="28.859"/>
  <system-out/>
  <testcase classname="icivics_testcases.I22_StudentRegistration2classcode_Test" name="C405_verifypage2SignUpforEmailsfield" time="8.539"/>
  <system-out/>
  <testcase classname="icivics_testcases.I22_StudentRegistration2classcode_Test" name="C408_hoveronpwdfield" time="11.826"/>
  <system-out/>
  <testcase classname="icivics_testcases.I22_StudentRegistration2classcode_Test" name="C409_VerifyPasswordstrengthmeter" time="11.748"/>
  <system-out/>
  <testcase classname="icivics_testcases.I22_StudentRegistration2classcode_Test" name="C410_VerifyPasswordindicatormatch" time="15.042"/>
  <system-out/>
  <testcase classname="icivics_testcases.I22_StudentRegistration2classcode_Test" name="C412_verifyenterinvaliddata" time="19.254"/>
  <system-out/>
  <testcase classname="icivics_testcases.I22_StudentRegistration2classcode_Test" name="C412_verifytermsofuseandprivacycheckbox" time="12.503"/>
  <system-out/>
  <testcase classname="icivics_testcases.I22_StudentRegistration2classcode_Test" name="C413_verifyblankerrormsg" time="16.869"/>
  <system-out/>
  <testcase classname="icivics_testcases.I22_StudentRegistration2classcode_Test" name="C414_verifypage3loaded" time="25.267"/>
  <system-out/>
</testsuite> <!-- icivics_testcases.I22_StudentRegistration2classcode_Test -->
