<?xml version="1.0" encoding="UTF-8"?>
<!-- Generated by org.testng.reporters.JUnitReportReporter -->
<testsuite hostname="AMX-RL-20-348-W" failures="0" tests="6" name="icivics_testcases.I42_Pg1TeacherRegistration_Test" time="384.836" errors="0" timestamp="2022-08-03T00:06:59 IST" skipped="0">
  <testcase classname="icivics_testcases.I42_Pg1TeacherRegistration_Test" name="C545_VerifyTeacherregistrationpage1" time="174.814"/>
  <system-out/>
  <testcase classname="icivics_testcases.I42_Pg1TeacherRegistration_Test" name="C546_Verifyroleandgradefield" time="41.870"/>
  <system-out/>
  <testcase classname="icivics_testcases.I42_Pg1TeacherRegistration_Test" name="C547_Verifyroleandgradefield" time="47.057"/>
  <system-out/>
  <testcase classname="icivics_testcases.I42_Pg1TeacherRegistration_Test" name="C548_Verifyleavegradeboxesunchecked" time="38.469"/>
  <system-out/>
  <testcase classname="icivics_testcases.I42_Pg1TeacherRegistration_Test" name="C549_Verifyleaverolenoneselected" time="36.592"/>
  <system-out/>
  <testcase classname="icivics_testcases.I42_Pg1TeacherRegistration_Test" name="C550_Verifyenterwithvaliddata" time="46.034"/>
  <system-out/>
</testsuite> <!-- icivics_testcases.I42_Pg1TeacherRegistration_Test -->
