<?xml version="1.0" encoding="UTF-8"?>
<!-- Generated by org.testng.reporters.JUnitReportReporter -->
<testsuite hostname="AMX-RL-20-348-W" failures="0" tests="4" name="icivics_testcases.I35_HP_4HeaderAbout_Test" time="174.538" errors="0" timestamp="2022-08-03T00:06:58 IST" skipped="0">
  <testcase classname="icivics_testcases.I35_HP_4HeaderAbout_Test" name="C22_Verifyaboutsubmenu" time="28.867"/>
  <system-out/>
  <testcase classname="icivics_testcases.I35_HP_4HeaderAbout_Test" name="C23_Verifysubmenucount" time="26.873"/>
  <system-out/>
  <testcase classname="icivics_testcases.I35_HP_4HeaderAbout_Test" name="C24_VerifysubmenuElement" time="110.682"/>
  <system-out/>
  <testcase classname="icivics_testcases.I35_HP_4HeaderAbout_Test" name="C27_Verifyclickaboutbuttonagain" time="8.116"/>
  <system-out/>
</testsuite> <!-- icivics_testcases.I35_HP_4HeaderAbout_Test -->
