<?xml version="1.0" encoding="UTF-8"?>
<!-- Generated by org.testng.reporters.JUnitReportReporter -->
<testsuite hostname="AMX-RL-20-348-W" failures="0" tests="13" name="icivics_testcases.I23_StudentRegistration2Email_Test" time="187.772" errors="0" timestamp="2022-08-03T00:06:58 IST" skipped="0">
  <testcase classname="icivics_testcases.I23_StudentRegistration2Email_Test" name="C398_verifypagecount2" time="7.902"/>
  <system-out/>
  <testcase classname="icivics_testcases.I23_StudentRegistration2Email_Test" name="C399_Clickbackbutton" time="13.275"/>
  <system-out/>
  <testcase classname="icivics_testcases.I23_StudentRegistration2Email_Test" name="C400_verifyfieldsisremembered" time="10.597"/>
  <system-out/>
  <testcase classname="icivics_testcases.I23_StudentRegistration2Email_Test" name="C403_clickontermsofuselink" time="32.611"/>
  <system-out/>
  <testcase classname="icivics_testcases.I23_StudentRegistration2Email_Test" name="C404_clickprivacypolicy" time="29.411"/>
  <system-out/>
  <testcase classname="icivics_testcases.I23_StudentRegistration2Email_Test" name="C405_verifypage2SignUpforEmailsfield" time="8.064"/>
  <system-out/>
  <testcase classname="icivics_testcases.I23_StudentRegistration2Email_Test" name="C408_hoveronpwdfield" time="8.268"/>
  <system-out/>
  <testcase classname="icivics_testcases.I23_StudentRegistration2Email_Test" name="C409_VerifyPasswordstrengthmeter" time="12.074"/>
  <system-out/>
  <testcase classname="icivics_testcases.I23_StudentRegistration2Email_Test" name="C410_VerifyPasswordindicatormatch" time="9.330"/>
  <system-out/>
  <testcase classname="icivics_testcases.I23_StudentRegistration2Email_Test" name="C412_verifyenterinvaliddata" time="12.375"/>
  <system-out/>
  <testcase classname="icivics_testcases.I23_StudentRegistration2Email_Test" name="C412_verifytermsofuseandprivacycheckbox" time="11.699"/>
  <system-out/>
  <testcase classname="icivics_testcases.I23_StudentRegistration2Email_Test" name="C413_verifyblankerrormsg" time="15.463"/>
  <system-out/>
  <testcase classname="icivics_testcases.I23_StudentRegistration2Email_Test" name="C414_verifypage3loaded" time="16.703"/>
  <system-out/>
</testsuite> <!-- icivics_testcases.I23_StudentRegistration2Email_Test -->
