<?xml version="1.0" encoding="UTF-8"?>
<!-- Generated by org.testng.reporters.JUnitReportReporter -->
<testsuite hostname="AMX-RL-20-457-W" failures="0" tests="3" name="icivics_testcases.Googlestudentregistration_Test" time="133.732" errors="0" timestamp="2022-07-29T13:30:52 IST" skipped="0">
  <testcase classname="icivics_testcases.Googlestudentregistration_Test" name="C557_Verifyagreetotermsandconditionfield" time="41.675"/>
  <system-out/>
  <testcase classname="icivics_testcases.Googlestudentregistration_Test" name="C558_Verifyerrormsg" time="41.226"/>
  <system-out/>
  <testcase classname="icivics_testcases.Googlestudentregistration_Test" name="C559_Verifyerrormsg" time="50.831"/>
  <system-out/>
</testsuite> <!-- icivics_testcases.Googlestudentregistration_Test -->
