<?xml version="1.0" encoding="UTF-8"?>
<!-- Generated by org.testng.reporters.JUnitReportReporter -->
<testsuite hostname="AMX-RL-20-348-W" failures="0" tests="6" name="icivics_testcases.I24_StudentRegistration3classcode_Test" time="164.335" errors="0" timestamp="2022-08-03T00:06:58 IST" skipped="0">
  <testcase classname="icivics_testcases.I24_StudentRegistration3classcode_Test" name="C454_verifypagecount3" time="25.420"/>
  <system-out/>
  <testcase classname="icivics_testcases.I24_StudentRegistration3classcode_Test" name="C455_verifyusernamegenerateddisplay" time="28.201"/>
  <system-out/>
  <testcase classname="icivics_testcases.I24_StudentRegistration3classcode_Test" name="C456_verifyusernametextddisplay" time="25.232"/>
  <system-out/>
  <testcase classname="icivics_testcases.I24_StudentRegistration3classcode_Test" name="C457_verifyemailddisplay" time="28.288"/>
  <system-out/>
  <testcase classname="icivics_testcases.I24_StudentRegistration3classcode_Test" name="C458_verifyemailtextddisplay" time="25.325"/>
  <system-out/>
  <testcase classname="icivics_testcases.I24_StudentRegistration3classcode_Test" name="C459_clickcontinuetomyassignmentbutton" time="31.869"/>
  <system-out/>
</testsuite> <!-- icivics_testcases.I24_StudentRegistration3classcode_Test -->
