<?xml version="1.0" encoding="UTF-8"?>
<!-- Generated by org.testng.reporters.JUnitReportReporter -->
<testsuite hostname="AMX-RL-20-457-W" failures="0" tests="1" name="icivics_testcases.Googlesignon_Test" time="200.871" errors="0" timestamp="2022-07-29T22:25:39 IST" skipped="0">
  <testcase classname="icivics_testcases.Googlesignon_Test" name="C543_verifynotregisteredaccountforstudent" time="200.871"/>
  <system-out/>
</testsuite> <!-- icivics_testcases.Googlesignon_Test -->
