<?xml version="1.0" encoding="UTF-8"?>
<!-- Generated by org.testng.reporters.JUnitReportReporter -->
<testsuite hostname="AMX-RL-20-348-W" failures="0" tests="12" name="icivics_testcases.I36_HP_5HeaderMyicivicsMisc_Test" time="464.048" errors="0" timestamp="2022-08-03T00:06:58 IST" skipped="0">
  <testcase classname="icivics_testcases.I36_HP_5HeaderMyicivicsMisc_Test" name="C29_Verifydonatebutton" time="26.623"/>
  <system-out/>
  <testcase classname="icivics_testcases.I36_HP_5HeaderMyicivicsMisc_Test" name="C30_Verifydonatebuttonclick" time="31.412"/>
  <system-out/>
  <testcase classname="icivics_testcases.I36_HP_5HeaderMyicivicsMisc_Test" name="C31_Verifyshopbutton" time="25.347"/>
  <system-out/>
  <testcase classname="icivics_testcases.I36_HP_5HeaderMyicivicsMisc_Test" name="C32_Verifyshopbuttonclick" time="28.577"/>
  <system-out/>
  <testcase classname="icivics_testcases.I36_HP_5HeaderMyicivicsMisc_Test" name="C34_VerifyIcivicsbutton" time="25.305"/>
  <system-out/>
  <testcase classname="icivics_testcases.I36_HP_5HeaderMyicivicsMisc_Test" name="C35_Verifytheavatar" time="28.190"/>
  <system-out/>
  <testcase classname="icivics_testcases.I36_HP_5HeaderMyicivicsMisc_Test" name="C35_Verifythenoavatar" time="25.676"/>
  <system-out/>
  <testcase classname="icivics_testcases.I36_HP_5HeaderMyicivicsMisc_Test" name="C36_VerifyIcivicssubmenu" time="25.213"/>
  <system-out/>
  <testcase classname="icivics_testcases.I36_HP_5HeaderMyicivicsMisc_Test" name="C37_VerifyIcivicssubmenu" time="25.683"/>
  <system-out/>
  <testcase classname="icivics_testcases.I36_HP_5HeaderMyicivicsMisc_Test" name="C39_Myicivicsbuttonelementsverification" time="72.980"/>
  <system-out/>
  <testcase classname="icivics_testcases.I36_HP_5HeaderMyicivicsMisc_Test" name="C41_verifyselectpageisunderlined" time="122.754"/>
  <system-out/>
  <testcase classname="icivics_testcases.I36_HP_5HeaderMyicivicsMisc_Test" name="C42_Verifymyicivicsbuttonsubmenuclose" time="26.288"/>
  <system-out/>
</testsuite> <!-- icivics_testcases.I36_HP_5HeaderMyicivicsMisc_Test -->
