<?xml version="1.0" encoding="UTF-8"?>
<!-- Generated by org.testng.reporters.JUnitReportReporter -->
<testsuite hostname="AMX-RL-20-348-W" failures="0" tests="4" name="icivics_testcases.I41_GoogleRegistration_Test" time="102.581" errors="0" timestamp="2022-08-03T00:06:58 IST" skipped="0">
  <testcase classname="icivics_testcases.I41_GoogleRegistration_Test" name="C544_Verifyeducatorregistrationpage1" time="32.601"/>
  <system-out/>
  <testcase classname="icivics_testcases.I41_GoogleRegistration_Test" name="C545_Verifyregistrationwithoutsignin" time="4.530"/>
  <system-out/>
  <testcase classname="icivics_testcases.I41_GoogleRegistration_Test" name="C546_Verifyregistrationwithalreadyregisteredid" time="29.346"/>
  <system-out/>
  <testcase classname="icivics_testcases.I41_GoogleRegistration_Test" name="C544_Verifystudentregistrationpage1" time="36.104"/>
  <system-out/>
</testsuite> <!-- icivics_testcases.I41_GoogleRegistration_Test -->
