<?xml version="1.0" encoding="UTF-8"?>
<!-- Generated by org.testng.reporters.JUnitReportReporter -->
<testsuite hostname="DESKTOP-QE23P6P" failures="0" tests="1" name="testcases.sortmobiletestcase" time="10.025" errors="0" timestamp="2023-01-18T09:09:37 IST" skipped="0">
  <testcase classname="testcases.sortmobiletestcase" name="tp01_Verifysort" time="10.025"/>
  <system-out/>
</testsuite> <!-- testcases.sortmobiletestcase -->
