<?xml version="1.0" encoding="UTF-8"?>
<!-- Generated by org.testng.reporters.JUnitReportReporter -->
<testsuite hostname="AMX-AL-20-017-W" failures="0" tests="1" name="icivics_testcases.I40_Googlesignon_Test" time="42.779" errors="0" timestamp="2022-08-25T14:25:39 IST" skipped="0">
  <testcase classname="icivics_testcases.I40_Googlesignon_Test" name="C540_verifyentercredentails" time="42.779"/>
  <system-out/>
</testsuite> <!-- icivics_testcases.I40_Googlesignon_Test -->
