<?xml version="1.0" encoding="UTF-8"?>
<!-- Generated by org.testng.reporters.JUnitReportReporter -->
<testsuite hostname="AMX-RL-20-348-W" failures="0" tests="9" name="icivics_testcases.I37_HP_5HeaderSigninMisc_Test" time="119.895" errors="0" timestamp="2022-08-03T00:06:58 IST" skipped="0">
  <testcase classname="icivics_testcases.I37_HP_5HeaderSigninMisc_Test" name="C29_Verifydonatebutton" time="4.309"/>
  <system-out/>
  <testcase classname="icivics_testcases.I37_HP_5HeaderSigninMisc_Test" name="C30_Verifydonatebuttonclick" time="33.794"/>
  <system-out/>
  <testcase classname="icivics_testcases.I37_HP_5HeaderSigninMisc_Test" name="C31_Verifyshopbutton" time="4.678"/>
  <system-out/>
  <testcase classname="icivics_testcases.I37_HP_5HeaderSigninMisc_Test" name="C32_Verifyshopbuttonclick" time="9.008"/>
  <system-out/>
  <testcase classname="icivics_testcases.I37_HP_5HeaderSigninMisc_Test" name="C33_Verifysigninbuttonforanonymoususer" time="4.748"/>
  <system-out/>
  <testcase classname="icivics_testcases.I37_HP_5HeaderSigninMisc_Test" name="C37_Verifysigninbuttonsubmenu" time="5.229"/>
  <system-out/>
  <testcase classname="icivics_testcases.I37_HP_5HeaderSigninMisc_Test" name="C38_Verifysigninbuttonsubmenu" time="14.233"/>
  <system-out/>
  <testcase classname="icivics_testcases.I37_HP_5HeaderSigninMisc_Test" name="C41_Verifysubmenuoptionisunderlined" time="38.508"/>
  <system-out/>
  <testcase classname="icivics_testcases.I37_HP_5HeaderSigninMisc_Test" name="C42_Verifysubmenuoptionisunderlined" time="5.388"/>
  <system-out/>
</testsuite> <!-- icivics_testcases.I37_HP_5HeaderSigninMisc_Test -->
