<?xml version="1.0" encoding="UTF-8"?>
<!-- Generated by org.testng.reporters.JUnitReportReporter -->
<testsuite hostname="AMX-RL-20-457-W" failures="0" tests="1" name="icivics_testcases.I32_HP_2Headerplay_Test" time="639.280" errors="0" timestamp="2022-08-09T19:01:12 IST" skipped="0">
  <testcase classname="icivics_testcases.I32_HP_2Headerplay_Test" name="C10_Verifyplaybuttonelements" time="639.280"/>
  <system-out/>
</testsuite> <!-- icivics_testcases.I32_HP_2Headerplay_Test -->
