<?xml version="1.0" encoding="UTF-8"?>
<!-- Generated by org.testng.reporters.JUnitReportReporter -->
<testsuite hostname="AMX-RL-20-348-W" failures="0" tests="8" name="icivics_testcases.I13_EducatorRegistration3_Test" time="190.302" errors="0" timestamp="2022-08-03T00:06:58 IST" skipped="0">
  <testcase classname="icivics_testcases.I13_EducatorRegistration3_Test" name="C348_verifybreadcrumbspage3" time="16.499"/>
  <system-out/>
  <testcase classname="icivics_testcases.I13_EducatorRegistration3_Test" name="C349_verifypreviouspage" time="19.415"/>
  <system-out/>
  <testcase classname="icivics_testcases.I13_EducatorRegistration3_Test" name="C350_verifyalldataremembered" time="20.072"/>
  <system-out/>
  <testcase classname="icivics_testcases.I13_EducatorRegistration3_Test" name="C351_verifyallpage3fields" time="29.661"/>
  <system-out/>
  <testcase classname="icivics_testcases.I13_EducatorRegistration3_Test" name="C352_verifyallfieldsallowtoentertextandmakeselection" time="39.085"/>
  <system-out/>
  <testcase classname="icivics_testcases.I13_EducatorRegistration3_Test" name="C354_verifyallfieldswithinvaliddata" time="22.847"/>
  <system-out/>
  <testcase classname="icivics_testcases.I13_EducatorRegistration3_Test" name="C355_verifyallfieldswithblankfield" time="18.172"/>
  <system-out/>
  <testcase classname="icivics_testcases.I13_EducatorRegistration3_Test" name="C357_verifyvalidsubmission" time="24.551"/>
  <system-out/>
</testsuite> <!-- icivics_testcases.I13_EducatorRegistration3_Test -->
