<?xml version="1.0" encoding="UTF-8"?>
<!-- Generated by org.testng.reporters.JUnitReportReporter -->
<testsuite hostname="AMX-AL-20-017-W" failures="0" tests="1" name="icivics_testcases.Gameload_Test" time="41.149" errors="0" timestamp="2022-08-24T21:24:51 IST" skipped="0">
  <testcase classname="icivics_testcases.Gameload_Test" name="C73_Verifymainsgamepage" time="41.149"/>
  <system-out/>
</testsuite> <!-- icivics_testcases.Gameload_Test -->
