<?xml version="1.0" encoding="UTF-8"?>
<!-- Generated by org.testng.reporters.JUnitReportReporter -->
<testsuite hostname="AMX-RL-20-348-W" failures="0" tests="4" name="icivics_testcases.I33_HP_3HeaderTeach_Test" time="76.482" errors="0" timestamp="2022-08-03T00:06:58 IST" skipped="0">
  <testcase classname="icivics_testcases.I33_HP_3HeaderTeach_Test" name="C15_Verifyteachsubmenu" time="4.775"/>
  <system-out/>
  <testcase classname="icivics_testcases.I33_HP_3HeaderTeach_Test" name="C16_Verifysubmenucount" time="5.085"/>
  <system-out/>
  <testcase classname="icivics_testcases.I33_HP_3HeaderTeach_Test" name="C17_Verifyteachbuttonelements" time="61.896"/>
  <system-out/>
  <testcase classname="icivics_testcases.I33_HP_3HeaderTeach_Test" name="C20_verifyclickteachbuttonagain" time="4.726"/>
  <system-out/>
</testsuite> <!-- icivics_testcases.I33_HP_3HeaderTeach_Test -->
