<?xml version="1.0" encoding="UTF-8"?>
<!-- Generated by org.testng.reporters.JUnitReportReporter -->
<testsuite hostname="AMX-RL-20-457-W" failures="0" tests="6" name="icivics_testcases.Pg1TeacherRegistration_Test" time="488.400" errors="0" timestamp="2022-07-29T13:30:52 IST" skipped="0">
  <testcase classname="icivics_testcases.Pg1TeacherRegistration_Test" name="C545_VerifyTeacherregistrationpage1" time="216.480"/>
  <system-out/>
  <testcase classname="icivics_testcases.Pg1TeacherRegistration_Test" name="C546_Verifyroleandgradefield" time="61.158"/>
  <system-out/>
  <testcase classname="icivics_testcases.Pg1TeacherRegistration_Test" name="C547_Verifyroleandgradefield" time="62.965"/>
  <system-out/>
  <testcase classname="icivics_testcases.Pg1TeacherRegistration_Test" name="C548_Verifyleavegradeboxesunchecked" time="48.249"/>
  <system-out/>
  <testcase classname="icivics_testcases.Pg1TeacherRegistration_Test" name="C549_Verifyleaverolenoneselected" time="45.139"/>
  <system-out/>
  <testcase classname="icivics_testcases.Pg1TeacherRegistration_Test" name="C550_Verifyenterwithvaliddata" time="54.409"/>
  <system-out/>
</testsuite> <!-- icivics_testcases.Pg1TeacherRegistration_Test -->
