<?xml version="1.0" encoding="UTF-8"?>
<!-- Generated by org.testng.reporters.JUnitReportReporter -->
<testsuite hostname="AMX-AL-20-017-W" failures="0" tests="20" name="icivics_testcases.ArgumentsWar_Test" time="2720.545" errors="0" timestamp="2022-08-25T21:10:48 IST" skipped="0">
  <testcase classname="icivics_testcases.ArgumentsWar_Test" name="C81_Verifylink" time="13.496"/>
  <system-out/>
  <testcase classname="icivics_testcases.ArgumentsWar_Test" name="C82_Verifypopup" time="20.049"/>
  <system-out/>
  <testcase classname="icivics_testcases.ArgumentsWar_Test" name="C83_Verifygameload" time="41.625"/>
  <system-out/>
  <testcase classname="icivics_testcases.ArgumentsWar_Test" name="C84_Verifyeducatorbutton" time="68.872"/>
  <system-out/>
  <testcase classname="icivics_testcases.ArgumentsWar_Test" name="C85_Verifyeducatorbuttonforstudent" time="44.628"/>
  <system-out/>
  <testcase classname="icivics_testcases.ArgumentsWar_Test" name="C86_Verifyteacherresourcespopup" time="48.227"/>
  <system-out/>
  <testcase classname="icivics_testcases.ArgumentsWar_Test" name="C87_Verifyassignpopup" time="85.177"/>
  <system-out/>
  <testcase classname="icivics_testcases.ArgumentsWar_Test" name="C88_Verifyassignform" time="84.246"/>
  <system-out/>
  <testcase classname="icivics_testcases.ArgumentsWar_Test" name="C89_Verifyappleapp" time="357.319"/>
  <system-out/>
  <testcase classname="icivics_testcases.ArgumentsWar_Test" name="C90_Verifyappleapppage" time="637.381"/>
  <system-out/>
  <testcase classname="icivics_testcases.ArgumentsWar_Test" name="C91_Verifygoogleplaybutton" time="321.172"/>
  <system-out/>
  <testcase classname="icivics_testcases.ArgumentsWar_Test" name="C92_Verifygoogleplaypage" time="603.942"/>
  <system-out/>
  <testcase classname="icivics_testcases.ArgumentsWar_Test" name="C93_Verifyextensionpack" time="44.759"/>
  <system-out/>
  <testcase classname="icivics_testcases.ArgumentsWar_Test" name="C93_Verifyextensionpackforsortifygame" time="52.684"/>
  <system-out/>
  <testcase classname="icivics_testcases.ArgumentsWar_Test" name="C94_Verifyextensionpackforanonymoususere" time="11.879"/>
  <system-out/>
  <testcase classname="icivics_testcases.ArgumentsWar_Test" name="C94_Verifyextensionpackforstudent" time="45.239"/>
  <system-out/>
  <testcase classname="icivics_testcases.ArgumentsWar_Test" name="C95_Verifyextensionpackclick" time="115.053"/>
  <system-out/>
  <testcase classname="icivics_testcases.ArgumentsWar_Test" name="C96_Verifylearningobjectives" time="65.016"/>
  <system-out/>
  <testcase classname="icivics_testcases.ArgumentsWar_Test" name="C97_Verifylearningobjectivesforanonymoususer" time="16.893"/>
  <system-out/>
  <testcase classname="icivics_testcases.ArgumentsWar_Test" name="C97_Verifylearningobjectivesforstudent" time="42.888"/>
  <system-out/>
</testsuite> <!-- icivics_testcases.ArgumentsWar_Test -->
